<?xml version="1.0" encoding="UTF-8"?>
<!-- Generated by org.testng.reporters.JUnitReportReporter -->
<testsuite hostname="DESKTOP-NHOIO92" failures="0" tests="1" name="testCases.TC01" time="6.494" errors="0" timestamp="2021-08-07T16:08:11 IST" skipped="0">
  <testcase classname="testCases.TC01" name="loginTest" time="6.494"/>
  <system-out/>
</testsuite> <!-- testCases.TC01 -->
